0.3.4:
Convenience: Automatically refresh the access token before manually changing the thermostat mode.

0.3.3
Adding --check-weather command.
Always output start time and check duration for --weather.
Bugfix - implement "off" hvac mode logic.
Light refactoring in weather api code.

0.3.2
Adding local timestamps to logging.
Adding debug mode.
Refining output further.

0.3.1
Making better use of serde deserialize for weather api and ecobee api status responses.

0.3.0
Display desired cool and heat settings.
Utilize standard logging library.
Allow controlling output verbosity.

0.2.1
Weather setup fix.

0.2.0
Add weather mode (and validated weather_setup).
Cleanup naming.
Argument change: --apikey -> --key.
Some refactoring.

0.1.3
Add timestamps to command output. (Adding chrono).
Reducing output noise for tokens.

0.1.2
Remove lingering debugging output.

0.1.1
Silence thermostat metadata storage.
Fix error message for thermostat metadata storage.

0.1.0
Setup: --auth and --authtoken -> --pin and --auth.
Added new step 1 (--apikey) to initialize, and create the config directory.
Status now stores identifiers and names for all thermostats.
Status is now called automatically after step 2 of setup.
Fix: Update now uses one call per thermostat to get around an API bug.
